# JRE version: OpenJDK Runtime Environment (8.0_152-b01) (build 1.8.0_152-release-915-b01)
# Java VM: OpenJDK 64-Bit Server VM (25.152-b01 mixed mode linux-amd64 compressed oops)
Heap:
 PSYoungGen      total 822272K, used 22391K [0x000000076ab00000, 0x00000007c0000000, 0x00000007c0000000)
  eden space 486400K, 0% used [0x000000076ab00000,0x000000076ab00000,0x0000000788600000)
  from space 335872K, 6% used [0x00000007ab800000,0x00000007acdddd70,0x00000007c0000000)
  to   space 455680K, 0% used [0x0000000788600000,0x0000000788600000,0x00000007a4300000)
 ParOldGen       total 982528K, used 982292K [0x00000006c0000000, 0x00000006fbf80000, 0x000000076ab00000)
  object space 982528K, 99% used [0x00000006c0000000,0x00000006fbf451b0,0x00000006fbf80000)
 Metaspace       used 6875K, capacity 7604K, committed 7808K, reserved 1056768K
  class space    used 617K, capacity 620K, committed 640K, reserved 1048576K
GC Heap History (10 events):
Event: 17.145 GC heap after
Heap after GC invocations=21 (full 5):
 PSYoungGen      total 983040K, used 164199K [0x000000076ab00000, 0x00000007c0000000, 0x00000007c0000000)
  eden space 741376K, 0% used [0x000000076ab00000,0x000000076ab00000,0x0000000797f00000)
  from space 241664K, 67% used [0x00000007b1400000,0x00000007bb459d10,0x00000007c0000000)
  to   space 328192K, 0% used [0x0000000797f00000,0x0000000797f00000,0x00000007abf80000)
 ParOldGen       total 982528K, used 686119K [0x00000006c0000000, 0x00000006fbf80000, 0x000000076ab00000)
  object space 982528K, 69% used [0x00000006c0000000,0x00000006e9e09f80,0x00000006fbf80000)
 Metaspace       used 6505K, capacity 7280K, committed 7552K, reserved 1056768K
  class space    used 597K, capacity 616K, committed 640K, reserved 1048576K
}
Event: 18.198 GC heap before
{Heap before GC invocations=22 (full 5):
 PSYoungGen      total 983040K, used 905575K [0x000000076ab00000, 0x00000007c0000000, 0x00000007c0000000)
  eden space 741376K, 100% used [0x000000076ab00000,0x0000000797f00000,0x0000000797f00000)
  from space 241664K, 67% used [0x00000007b1400000,0x00000007bb459d10,0x00000007c0000000)
  to   space 328192K, 0% used [0x0000000797f00000,0x0000000797f00000,0x00000007abf80000)
 ParOldGen       total 982528K, used 686119K [0x00000006c0000000, 0x00000006fbf80000, 0x000000076ab00000)
  object space 982528K, 69% used [0x00000006c0000000,0x00000006e9e09f80,0x00000006fbf80000)
 Metaspace       used 6506K, capacity 7280K, committed 7552K, reserved 1056768K
  class space    used 597K, capacity 616K, committed 640K, reserved 1048576K
Event: 18.456 GC heap after
Heap after GC invocations=22 (full 5):
 PSYoungGen      total 1069568K, used 69978K [0x000000076ab00000, 0x00000007c0000000, 0x00000007c0000000)
  eden space 741376K, 0% used [0x000000076ab00000,0x000000076ab00000,0x0000000797f00000)
  from space 328192K, 21% used [0x0000000797f00000,0x000000079c356a28,0x00000007abf80000)
  to   space 314368K, 0% used [0x00000007acd00000,0x00000007acd00000,0x00000007c0000000)
 ParOldGen       total 982528K, used 772706K [0x00000006c0000000, 0x00000006fbf80000, 0x000000076ab00000)
  object space 982528K, 78% used [0x00000006c0000000,0x00000006ef298a40,0x00000006fbf80000)
 Metaspace       used 6506K, capacity 7280K, committed 7552K, reserved 1056768K
  class space    used 597K, capacity 616K, committed 640K, reserved 1048576K
}
Event: 19.748 GC heap before
{Heap before GC invocations=23 (full 5):
 PSYoungGen      total 1069568K, used 811354K [0x000000076ab00000, 0x00000007c0000000, 0x00000007c0000000)
  eden space 741376K, 100% used [0x000000076ab00000,0x0000000797f00000,0x0000000797f00000)
  from space 328192K, 21% used [0x0000000797f00000,0x000000079c356a28,0x00000007abf80000)
  to   space 314368K, 0% used [0x00000007acd00000,0x00000007acd00000,0x00000007c0000000)
 ParOldGen       total 982528K, used 772706K [0x00000006c0000000, 0x00000006fbf80000, 0x000000076ab00000)
  object space 982528K, 78% used [0x00000006c0000000,0x00000006ef298a40,0x00000006fbf80000)
 Metaspace       used 6613K, capacity 7346K, committed 7552K, reserved 1056768K
  class space    used 604K, capacity 618K, committed 640K, reserved 1048576K
Event: 19.905 GC heap after
Heap after GC invocations=23 (full 5):
 PSYoungGen      total 1067008K, used 180600K [0x000000076ab00000, 0x00000007bfd80000, 0x00000007c0000000)
  eden space 755200K, 0% used [0x000000076ab00000,0x000000076ab00000,0x0000000798c80000)
  from space 311808K, 57% used [0x00000007acd00000,0x00000007b7d5e088,0x00000007bfd80000)
  to   space 320000K, 0% used [0x0000000798c80000,0x0000000798c80000,0x00000007ac500000)
 ParOldGen       total 982528K, used 772714K [0x00000006c0000000, 0x00000006fbf80000, 0x000000076ab00000)
  object space 982528K, 78% used [0x00000006c0000000,0x00000006ef29aa40,0x00000006fbf80000)
 Metaspace       used 6613K, capacity 7346K, committed 7552K, reserved 1056768K
  class space    used 604K, capacity 618K, committed 640K, reserved 1048576K
}
Event: 21.008 GC heap before
{Heap before GC invocations=24 (full 5):
 PSYoungGen      total 1067008K, used 935800K [0x000000076ab00000, 0x00000007bfd80000, 0x00000007c0000000)
  eden space 755200K, 100% used [0x000000076ab00000,0x0000000798c80000,0x0000000798c80000)
  from space 311808K, 57% used [0x00000007acd00000,0x00000007b7d5e088,0x00000007bfd80000)
  to   space 320000K, 0% used [0x0000000798c80000,0x0000000798c80000,0x00000007ac500000)
 ParOldGen       total 982528K, used 772714K [0x00000006c0000000, 0x00000006fbf80000, 0x000000076ab00000)
  object space 982528K, 78% used [0x00000006c0000000,0x00000006ef29aa40,0x00000006fbf80000)
 Metaspace       used 6856K, capacity 7540K, committed 7808K, reserved 1056768K
  class space    used 616K, capacity 620K, committed 640K, reserved 1048576K
Event: 21.250 GC heap after
Heap after GC invocations=24 (full 5):
 PSYoungGen      total 1061888K, used 306525K [0x000000076ab00000, 0x00000007c0000000, 0x00000007c0000000)
  eden space 755200K, 0% used [0x000000076ab00000,0x000000076ab00000,0x0000000798c80000)
  from space 306688K, 99% used [0x0000000798c80000,0x00000007ab7d7538,0x00000007ab800000)
  to   space 335872K, 0% used [0x00000007ab800000,0x00000007ab800000,0x00000007c0000000)
 ParOldGen       total 982528K, used 772722K [0x00000006c0000000, 0x00000006fbf80000, 0x000000076ab00000)
  object space 982528K, 78% used [0x00000006c0000000,0x00000006ef29ca40,0x00000006fbf80000)
 Metaspace       used 6856K, capacity 7540K, committed 7808K, reserved 1056768K
  class space    used 616K, capacity 620K, committed 640K, reserved 1048576K
}
Event: 22.385 GC heap before
{Heap before GC invocations=25 (full 5):
 PSYoungGen      total 1061888K, used 1061725K [0x000000076ab00000, 0x00000007c0000000, 0x00000007c0000000)
  eden space 755200K, 100% used [0x000000076ab00000,0x0000000798c80000,0x0000000798c80000)
  from space 306688K, 99% used [0x0000000798c80000,0x00000007ab7d7538,0x00000007ab800000)
  to   space 335872K, 0% used [0x00000007ab800000,0x00000007ab800000,0x00000007c0000000)
 ParOldGen       total 982528K, used 772722K [0x00000006c0000000, 0x00000006fbf80000, 0x000000076ab00000)
  object space 982528K, 78% used [0x00000006c0000000,0x00000006ef29ca40,0x00000006fbf80000)
 Metaspace       used 6875K, capacity 7604K, committed 7808K, reserved 1056768K
  class space    used 617K, capacity 620K, committed 640K, reserved 1048576K
Event: 22.733 GC heap after
Heap after GC invocations=25 (full 5):
 PSYoungGen      total 822272K, used 335847K [0x000000076ab00000, 0x00000007c0000000, 0x00000007c0000000)
  eden space 486400K, 0% used [0x000000076ab00000,0x000000076ab00000,0x0000000788600000)
  from space 335872K, 99% used [0x00000007ab800000,0x00000007bfff9f58,0x00000007c0000000)
  to   space 455680K, 0% used [0x0000000788600000,0x0000000788600000,0x00000007a4300000)
 ParOldGen       total 982528K, used 867064K [0x00000006c0000000, 0x00000006fbf80000, 0x000000076ab00000)
  object space 982528K, 88% used [0x00000006c0000000,0x00000006f4ebe160,0x00000006fbf80000)
 Metaspace       used 6875K, capacity 7604K, committed 7808K, reserved 1056768K
  class space    used 617K, capacity 620K, committed 640K, reserved 1048576K
}
Event: 22.733 GC heap before
{Heap before GC invocations=26 (full 6):
 PSYoungGen      total 822272K, used 335847K [0x000000076ab00000, 0x00000007c0000000, 0x00000007c0000000)
  eden space 486400K, 0% used [0x000000076ab00000,0x000000076ab00000,0x0000000788600000)
  from space 335872K, 99% used [0x00000007ab800000,0x00000007bfff9f58,0x00000007c0000000)
  to   space 455680K, 0% used [0x0000000788600000,0x0000000788600000,0x00000007a4300000)
 ParOldGen       total 982528K, used 867064K [0x00000006c0000000, 0x00000006fbf80000, 0x000000076ab00000)
  object space 982528K, 88% used [0x00000006c0000000,0x00000006f4ebe160,0x00000006fbf80000)
 Metaspace       used 6875K, capacity 7604K, committed 7808K, reserved 1056768K
  class space    used 617K, capacity 620K, committed 640K, reserved 1048576K

